[11:04:13] [Server thread/INFO]: Starting minecraft server version 1.12.2
[11:04:13] [Server thread/INFO]: Loading properties
[11:04:13] [Server thread/INFO]: Default game type: CREATIVE
[11:04:13] [Server thread/INFO]: This server is running Paper version git-Paper-1620 (MC: 1.12.2) (Implementing API version 1.12.2-R0.1-SNAPSHOT)
[11:04:13] [Server thread/INFO]: Debug logging is disabled
[11:04:13] [Server thread/INFO]: Server Ping Player Sample Count: 12
[11:04:13] [Server thread/INFO]: Using 4 threads for Netty based IO
[11:04:13] [Server thread/INFO]: Generating keypair
[11:04:13] [Server thread/INFO]: Starting Minecraft server on *:25565
[11:04:14] [Server thread/INFO]: Using epoll channel type
[11:04:14] [Server thread/ERROR]: Could not load 'plugins/Plex-Velocity-1.6.jar' in folder 'plugins'
org.bukkit.plugin.InvalidDescriptionException: Invalid plugin.yml
	at org.bukkit.plugin.java.JavaPluginLoader.getPluginDescription(JavaPluginLoader.java:150) ~[patched_1.12.2.jar:git-Paper-1620]
	at org.bukkit.plugin.SimplePluginManager.loadPlugins(SimplePluginManager.java:136) ~[patched_1.12.2.jar:git-Paper-1620]
	at org.bukkit.craftbukkit.v1_12_R1.CraftServer.loadPlugins(CraftServer.java:318) ~[patched_1.12.2.jar:git-Paper-1620]
	at net.minecraft.server.v1_12_R1.DedicatedServer.init(DedicatedServer.java:222) ~[patched_1.12.2.jar:git-Paper-1620]
	at net.minecraft.server.v1_12_R1.MinecraftServer.run(MinecraftServer.java:616) ~[patched_1.12.2.jar:git-Paper-1620]
	at java.lang.Thread.run(Thread.java:1474) [?:?]
Caused by: java.io.FileNotFoundException: Jar does not contain plugin.yml
	... 6 more
[11:04:14] [Server thread/ERROR]: Could not load 'plugins/Plex-1.6-all.jar' in folder 'plugins'
org.bukkit.plugin.InvalidDescriptionException: Invalid plugin.yml
	at org.bukkit.plugin.java.JavaPluginLoader.getPluginDescription(JavaPluginLoader.java:150) ~[patched_1.12.2.jar:git-Paper-1620]
	at org.bukkit.plugin.SimplePluginManager.loadPlugins(SimplePluginManager.java:136) ~[patched_1.12.2.jar:git-Paper-1620]
	at org.bukkit.craftbukkit.v1_12_R1.CraftServer.loadPlugins(CraftServer.java:318) ~[patched_1.12.2.jar:git-Paper-1620]
	at net.minecraft.server.v1_12_R1.DedicatedServer.init(DedicatedServer.java:222) ~[patched_1.12.2.jar:git-Paper-1620]
	at net.minecraft.server.v1_12_R1.MinecraftServer.run(MinecraftServer.java:616) ~[patched_1.12.2.jar:git-Paper-1620]
	at java.lang.Thread.run(Thread.java:1474) [?:?]
Caused by: java.io.FileNotFoundException: Jar does not contain plugin.yml
	... 6 more
[11:04:14] [Server thread/ERROR]: Could not load 'plugins/Plex-1.6.jar' in folder 'plugins'
org.bukkit.plugin.InvalidDescriptionException: Invalid plugin.yml
	at org.bukkit.plugin.java.JavaPluginLoader.getPluginDescription(JavaPluginLoader.java:150) ~[patched_1.12.2.jar:git-Paper-1620]
	at org.bukkit.plugin.SimplePluginManager.loadPlugins(SimplePluginManager.java:136) ~[patched_1.12.2.jar:git-Paper-1620]
	at org.bukkit.craftbukkit.v1_12_R1.CraftServer.loadPlugins(CraftServer.java:318) ~[patched_1.12.2.jar:git-Paper-1620]
	at net.minecraft.server.v1_12_R1.DedicatedServer.init(DedicatedServer.java:222) ~[patched_1.12.2.jar:git-Paper-1620]
	at net.minecraft.server.v1_12_R1.MinecraftServer.run(MinecraftServer.java:616) ~[patched_1.12.2.jar:git-Paper-1620]
	at java.lang.Thread.run(Thread.java:1474) [?:?]
Caused by: java.io.FileNotFoundException: Jar does not contain plugin.yml
	... 6 more
[11:04:14] [Server thread/INFO]: Set PluginClassLoader as parallel capable
[11:04:14] [Server thread/INFO]: [LuckPerms] Loading LuckPerms v5.5.21
[11:04:14] [Server thread/INFO]: [LuckPerms] Loading configuration...
[11:04:14] [Server thread/INFO]: [WorldEdit] Loading WorldEdit v6.1.9;caf0ad9
[11:04:14] [Server thread/INFO]: [NametagEdit] Loading NametagEdit v4.5.23
[11:04:14] [Server thread/INFO]: [PrefiX] Loading PrefiX v7.5
[11:04:14] [Server thread/INFO]: [Vault] Loading Vault v1.7.3-b131
[11:04:14] [Server thread/INFO]: [WorldGuard] Loading WorldGuard v6.2.1;84bc322
[11:04:14] [Server thread/INFO]: [Essentials] Loading Essentials v2.22.0-dev+48-b0ef568
[11:04:14] [Server thread/INFO]: [EssentialsSpawn] Loading EssentialsSpawn v2.22.0-dev+48-b0ef568
[11:04:14] [Server thread/INFO]: [EssentialsChat] Loading EssentialsChat v2.22.0-dev+48-b0ef568
[11:04:14] [Server thread/INFO]: [AuthMe] Loading AuthMe v5.6.0-bCUSTOM
[11:04:14] [Server thread/INFO]: Server permissions file permissions.yml is empty, ignoring it
[11:04:14] [Server thread/INFO]: [LuckPerms] Enabling LuckPerms v5.5.21
[11:04:15] [Server thread/INFO]:         __    
[11:04:15] [Server thread/INFO]:   |    |__)   LuckPerms v5.5.21
[11:04:15] [Server thread/INFO]:   |___ |      Running on Bukkit - Paper
[11:04:15] [Server thread/INFO]: 
[11:04:15] [Server thread/INFO]: [LuckPerms] Loading storage provider... [H2]
[11:04:16] [Server thread/INFO]: [LuckPerms] Loading internal permission managers...
[11:04:16] [Server thread/INFO]: [LuckPerms] Performing initial data load...
[11:04:16] [Server thread/INFO]: [LuckPerms] Successfully enabled. (took 1840ms)
[11:04:16] [Server thread/INFO]: [Vault] Enabling Vault v1.7.3-b131
[11:04:16] [Server thread/INFO]: [Vault] [Economy] Essentials Economy found: Waiting
[11:04:16] [Server thread/INFO]: [Vault] [Permission] SuperPermissions loaded as backup permission system.
[11:04:16] [Server thread/INFO]: [Vault] Enabled Version 1.7.3-b131
[11:04:16] [Server thread/INFO]: [LuckPerms] Registered Vault permission & chat hook.
[11:04:16] [Server thread/WARN]: **** SERVER IS RUNNING IN OFFLINE/INSECURE MODE!
[11:04:16] [Server thread/WARN]: The server will make no attempt to authenticate usernames. Beware.
[11:04:16] [Server thread/WARN]: While this makes the game possible to play without internet access, it also opens up the ability for hackers to connect with any username they choose.
[11:04:16] [Server thread/WARN]: To change this, set "online-mode" to "true" in the server.properties file.
[11:04:16] [Server thread/INFO]: **** Beginning UUID conversion, this may take A LONG time ****
[11:04:16] [Server thread/INFO]: Preparing level "world"
[11:04:16] [Server thread/INFO]: -------- World Settings For [world] --------
[11:04:16] [Server thread/INFO]: Entity Activation Range: An 32 / Mo 32 / Mi 16 / Tiv true
[11:04:16] [Server thread/INFO]: Entity Tracking Range: Pl 48 / An 48 / Mo 48 / Mi 32 / Other 64
[11:04:16] [Server thread/INFO]: Hopper Transfer: 8 Hopper Check: 1 Hopper Amount: 1
[11:04:16] [Server thread/INFO]: Random Lighting Updates: false
[11:04:16] [Server thread/INFO]: Structure Info Saving: true
[11:04:16] [Server thread/INFO]: Custom Map Seeds:  Village: 10387312 Feature: 14357617 Monument: 10387313 Slime: 987234911
[11:04:16] [Server thread/INFO]: Cactus Growth Modifier: 100%
[11:04:16] [Server thread/INFO]: Cane Growth Modifier: 100%
[11:04:16] [Server thread/INFO]: Melon Growth Modifier: 100%
[11:04:16] [Server thread/INFO]: Mushroom Growth Modifier: 100%
[11:04:16] [Server thread/INFO]: Pumpkin Growth Modifier: 100%
[11:04:16] [Server thread/INFO]: Sapling Growth Modifier: 100%
[11:04:16] [Server thread/INFO]: Wheat Growth Modifier: 100%
[11:04:16] [Server thread/INFO]: NetherWart Growth Modifier: 100%
[11:04:16] [Server thread/INFO]: Vine Growth Modifier: 100%
[11:04:16] [Server thread/INFO]: Cocoa Growth Modifier: 100%
[11:04:16] [Server thread/INFO]: Mob Spawn Range: 4
[11:04:16] [Server thread/INFO]: Max TNT Explosions: 100
[11:04:16] [Server thread/INFO]: Tile Max Tick Time: 50ms Entity max Tick Time: 50ms
[11:04:16] [Server thread/INFO]: View Distance: 5
[11:04:16] [Server thread/INFO]: Item Despawn Rate: 6000
[11:04:16] [Server thread/INFO]: Item Merge Radius: 2.5
[11:04:16] [Server thread/INFO]: Arrow Despawn Rate: 1200
[11:04:16] [Server thread/INFO]: Allow Zombie Pigmen to spawn from portal blocks: true
[11:04:16] [Server thread/INFO]: Experience Merge Radius: 3.0
[11:04:16] [Server thread/INFO]: Zombie Aggressive Towards Villager: true
[11:04:16] [Server thread/INFO]: Nerfing mobs spawned from spawners: false
[11:04:17] [Server thread/INFO]: -------- World Settings For [world_nether] --------
[11:04:17] [Server thread/INFO]: Entity Activation Range: An 32 / Mo 32 / Mi 16 / Tiv true
[11:04:17] [Server thread/INFO]: Entity Tracking Range: Pl 48 / An 48 / Mo 48 / Mi 32 / Other 64
[11:04:17] [Server thread/INFO]: Hopper Transfer: 8 Hopper Check: 1 Hopper Amount: 1
[11:04:17] [Server thread/INFO]: Random Lighting Updates: false
[11:04:17] [Server thread/INFO]: Structure Info Saving: true
[11:04:17] [Server thread/INFO]: Custom Map Seeds:  Village: 10387312 Feature: 14357617 Monument: 10387313 Slime: 987234911
[11:04:17] [Server thread/INFO]: Cactus Growth Modifier: 100%
[11:04:17] [Server thread/INFO]: Cane Growth Modifier: 100%
[11:04:17] [Server thread/INFO]: Melon Growth Modifier: 100%
[11:04:17] [Server thread/INFO]: Mushroom Growth Modifier: 100%
[11:04:17] [Server thread/INFO]: Pumpkin Growth Modifier: 100%
[11:04:17] [Server thread/INFO]: Sapling Growth Modifier: 100%
[11:04:17] [Server thread/INFO]: Wheat Growth Modifier: 100%
[11:04:17] [Server thread/INFO]: NetherWart Growth Modifier: 100%
[11:04:17] [Server thread/INFO]: Vine Growth Modifier: 100%
[11:04:17] [Server thread/INFO]: Cocoa Growth Modifier: 100%
[11:04:17] [Server thread/INFO]: Mob Spawn Range: 4
[11:04:17] [Server thread/INFO]: Max TNT Explosions: 100
[11:04:17] [Server thread/INFO]: Tile Max Tick Time: 50ms Entity max Tick Time: 50ms
[11:04:17] [Server thread/INFO]: View Distance: 5
[11:04:17] [Server thread/INFO]: Item Despawn Rate: 6000
[11:04:17] [Server thread/INFO]: Item Merge Radius: 2.5
[11:04:17] [Server thread/INFO]: Arrow Despawn Rate: 1200
[11:04:17] [Server thread/INFO]: Allow Zombie Pigmen to spawn from portal blocks: true
[11:04:17] [Server thread/INFO]: Experience Merge Radius: 3.0
[11:04:17] [Server thread/INFO]: Zombie Aggressive Towards Villager: true
[11:04:17] [Server thread/INFO]: Nerfing mobs spawned from spawners: false
[11:04:17] [Server thread/INFO]: -------- World Settings For [world_the_end] --------
[11:04:17] [Server thread/INFO]: Entity Activation Range: An 32 / Mo 32 / Mi 16 / Tiv true
[11:04:17] [Server thread/INFO]: Entity Tracking Range: Pl 48 / An 48 / Mo 48 / Mi 32 / Other 64
[11:04:17] [Server thread/INFO]: Hopper Transfer: 8 Hopper Check: 1 Hopper Amount: 1
[11:04:17] [Server thread/INFO]: Random Lighting Updates: false
[11:04:17] [Server thread/INFO]: Structure Info Saving: true
[11:04:17] [Server thread/INFO]: Custom Map Seeds:  Village: 10387312 Feature: 14357617 Monument: 10387313 Slime: 987234911
[11:04:17] [Server thread/INFO]: Cactus Growth Modifier: 100%
[11:04:17] [Server thread/INFO]: Cane Growth Modifier: 100%
[11:04:17] [Server thread/INFO]: Melon Growth Modifier: 100%
[11:04:17] [Server thread/INFO]: Mushroom Growth Modifier: 100%
[11:04:17] [Server thread/INFO]: Pumpkin Growth Modifier: 100%
[11:04:17] [Server thread/INFO]: Sapling Growth Modifier: 100%
[11:04:17] [Server thread/INFO]: Wheat Growth Modifier: 100%
[11:04:17] [Server thread/INFO]: NetherWart Growth Modifier: 100%
[11:04:17] [Server thread/INFO]: Vine Growth Modifier: 100%
[11:04:17] [Server thread/INFO]: Cocoa Growth Modifier: 100%
[11:04:17] [Server thread/INFO]: Mob Spawn Range: 4
[11:04:17] [Server thread/INFO]: Max TNT Explosions: 100
[11:04:17] [Server thread/INFO]: Tile Max Tick Time: 50ms Entity max Tick Time: 50ms
[11:04:17] [Server thread/INFO]: View Distance: 5
[11:04:17] [Server thread/INFO]: Item Despawn Rate: 6000
[11:04:17] [Server thread/INFO]: Item Merge Radius: 2.5
[11:04:17] [Server thread/INFO]: Arrow Despawn Rate: 1200
[11:04:17] [Server thread/INFO]: Allow Zombie Pigmen to spawn from portal blocks: true
[11:04:17] [Server thread/INFO]: Experience Merge Radius: 3.0
[11:04:17] [Server thread/INFO]: Zombie Aggressive Towards Villager: true
[11:04:17] [Server thread/INFO]: Nerfing mobs spawned from spawners: false
[11:04:17] [Server thread/INFO]: Preparing start region for level 0 (Seed: 7660066102376563894)
[11:04:18] [Server thread/INFO]: Preparing spawn area: 10%
[11:04:19] [Server thread/INFO]: Preparing start region for level 1 (Seed: 7660066102376563894)
[11:04:19] [Server thread/INFO]: Preparing start region for level 2 (Seed: 7660066102376563894)
[11:04:19] [Server thread/INFO]: [WorldEdit] Enabling WorldEdit v6.1.9;caf0ad9
[11:04:19] [Server thread/INFO]: WEPIF: Using the Bukkit Permissions API.
[11:04:19] [Server thread/INFO]: [WorldEdit] Using com.sk89q.worldedit.bukkit.adapter.impl.Spigot_v1_12_R2 as the Bukkit adapter
[11:04:19] [Server thread/INFO]: [NametagEdit] Enabling NametagEdit v4.5.23
[11:04:19] [Server thread/INFO]: [NametagEdit] Successfully loaded using bukkit version: v1_12_R1
[11:04:19] [Server thread/INFO]: [NametagEdit] Found LuckPerms! Hooking in.
[11:04:19] [Server thread/INFO]: [PrefiX] Enabling PrefiX v7.5
[11:04:19] [Server thread/INFO]: [PrefiX] Loading 44 messages.
[11:04:19] [Server thread/INFO]: [PrefiX] Loading language pack: English
[11:04:19] [Server thread/INFO]: [PrefiX] Loaded 23 config values
[11:04:19] [Server thread/INFO]: [PrefiX] No PAPI found to hook into. Disabling placeholder support...
[11:04:19] [Server thread/INFO]: [PrefiX] We're up and running
[11:04:19] [Server thread/INFO]: [WorldGuard] Enabling WorldGuard v6.2.1;84bc322
[11:04:19] [Server thread/INFO]: [WorldGuard] (world) TNT ignition is PERMITTED.
[11:04:19] [Server thread/INFO]: [WorldGuard] (world) Lighters are PERMITTED.
[11:04:19] [Server thread/INFO]: [WorldGuard] (world) Lava fire is blocked.
[11:04:19] [Server thread/INFO]: [WorldGuard] (world) Fire spread is UNRESTRICTED.
[11:04:19] [Server thread/INFO]: [WorldGuard] Loaded configuration for world 'world'
[11:04:19] [Server thread/INFO]: [WorldGuard] (world_nether) TNT ignition is PERMITTED.
[11:04:19] [Server thread/INFO]: [WorldGuard] (world_nether) Lighters are PERMITTED.
[11:04:19] [Server thread/INFO]: [WorldGuard] (world_nether) Lava fire is blocked.
[11:04:19] [Server thread/INFO]: [WorldGuard] (world_nether) Fire spread is UNRESTRICTED.
[11:04:19] [Server thread/INFO]: [WorldGuard] Loaded configuration for world 'world_nether'
[11:04:19] [Server thread/INFO]: [WorldGuard] (world_the_end) TNT ignition is PERMITTED.
[11:04:19] [Server thread/INFO]: [WorldGuard] (world_the_end) Lighters are PERMITTED.
[11:04:19] [Server thread/INFO]: [WorldGuard] (world_the_end) Lava fire is blocked.
[11:04:19] [Server thread/INFO]: [WorldGuard] (world_the_end) Fire spread is UNRESTRICTED.
[11:04:20] [Server thread/INFO]: [WorldGuard] Loaded configuration for world 'world_the_end'
[11:04:20] [Server thread/INFO]: [WorldGuard] Loading region data...
[11:04:20] [Server thread/INFO]: [Essentials] Enabling Essentials v2.22.0-dev+48-b0ef568
[11:04:20] [Server thread/INFO]: [Essentials] Attempting to convert old kits in config.yml to new kits.yml
[11:04:20] [Server thread/INFO]: [Essentials] No kits found to migrate.
[11:04:20] [Server thread/INFO]: [Essentials] No provider found for SerializationProvider, but it is nullable
[11:04:20] [Server thread/INFO]: [Essentials] Selected Legacy Banner Meta Provider as the provider for BannerDataProvider
[11:04:20] [Server thread/INFO]: [Essentials] Selected 1.12+ Spawner Block Provider as the provider for SpawnerBlockProvider
[11:04:20] [Server thread/INFO]: [Essentials] No provider found for BiomeKeyProvider, but it is nullable
[11:04:20] [Server thread/INFO]: [Essentials] Selected Legacy Damage Event Provider as the provider for DamageEventProvider
[11:04:20] [Server thread/INFO]: [Essentials] Selected 1.9-1.12.2 Spawn Egg Provider as the provider for SpawnEggProvider
[11:04:20] [Server thread/INFO]: [Essentials] Selected Reflection Sync Commands Provider as the provider for SyncCommandsProvider
[11:04:20] [Server thread/INFO]: [Essentials] Selected Reflection Server State Provider as the provider for ServerStateProvider
[11:04:20] [Server thread/INFO]: [Essentials] Selected 1.9-1.20.4 Potion Meta Provider as the provider for PotionMetaProvider
[11:04:20] [Server thread/INFO]: [Essentials] Selected Reflection Formatted Command Alias Provider as the provider for FormattedCommandAliasProvider
[11:04:20] [Server thread/INFO]: [Essentials] No provider found for TickCountProvider, but it is nullable
[11:04:20] [Server thread/INFO]: [Essentials] Selected 1.12.2+ Player Locale Provider as the provider for PlayerLocaleProvider
[11:04:20] [Server thread/INFO]: [Essentials] No provider found for SignDataProvider, but it is nullable
[11:04:20] [Server thread/INFO]: [Essentials] No provider found for ContainerProvider, but it is nullable
[11:04:20] [Server thread/INFO]: [Essentials] Selected Fixed Height World Info Provider as the provider for WorldInfoProvider
[11:04:20] [Server thread/INFO]: [Essentials] Selected 1.8.3+ Spawner Item Provider as the provider for SpawnerItemProvider
[11:04:20] [Server thread/INFO]: [Essentials] Selected 1.11+ Item Unbreakable Provider as the provider for ItemUnbreakableProvider
[11:04:20] [Server thread/INFO]: [Essentials] Selected Legacy InventoryView Abstract Class ABI Provider as the provider for InventoryViewProvider
[11:04:20] [Server thread/INFO]: [Essentials] Selected Reflection Online Mode Provider as the provider for OnlineModeProvider
[11:04:20] [Server thread/INFO]: [Essentials] No provider found for MaterialTagProvider, but it is nullable
[11:04:20] [Server thread/INFO]: [Essentials] Selected Paper Known Commands Provider as the provider for KnownCommandsProvider
[11:04:20] [Server thread/INFO]: [Essentials] Selected Reflection Persistent Data Container Provider as the provider for PersistentDataProvider
[11:04:20] [Server thread/INFO]: [Essentials] Selected Legacy Biome Name Provider as the provider for BiomeNameProvider
[11:04:21] [Server thread/INFO]: [Essentials] Loaded 853 items from items.csv.
[11:04:21] [Server thread/INFO]: [Essentials] Using locale en
[11:04:21] [Server thread/INFO]: [Essentials] ServerListPingEvent: Spigot iterator API
[11:04:21] [Server thread/INFO]: [Essentials] Starting Metrics. Opt-out using the global bStats config.
[11:04:21] [Server thread/INFO]: [Vault] [Economy] Essentials Economy hooked.
[11:04:21] [Server thread/INFO]: [Essentials] Using Vault based permissions (LuckPerms)
[11:04:21] [Server thread/INFO]: [EssentialsSpawn] Enabling EssentialsSpawn v2.22.0-dev+48-b0ef568
[11:04:21] [Server thread/INFO]: [EssentialsSpawn] Starting Metrics. Opt-out using the global bStats config.
[11:04:21] [Server thread/INFO]: [EssentialsChat] Enabling EssentialsChat v2.22.0-dev+48-b0ef568
[11:04:21] [Server thread/INFO]: [EssentialsChat] Starting Metrics. Opt-out using the global bStats config.
[11:04:21] [Server thread/INFO]: [AuthMe] Enabling AuthMe v5.6.0-bCUSTOM
[11:04:22] [Server thread/INFO]: [AuthMe] SQLite Setup finished
[11:04:22] [Server thread/INFO]: [AuthMe] Hooked into LuckPerms!
[11:04:22] [Server thread/INFO]: [AuthMe] Hooked successfully into Essentials
[11:04:22] [Server thread/WARN]: [AuthMe] WARNING! The protectInventory feature requires ProtocolLib! Disabling it...
[11:04:22] [Server thread/INFO]: [AuthMe] AuthMe 5.6.0 build n.CUSTOM successfully enabled!
[11:04:23] [Server thread/INFO]: Done (6.228s)! For help, type "help" or "?"
[11:04:23] [Server thread/INFO]: Timings Reset
[11:04:23] [Craft Scheduler Thread - 4/INFO]: [AuthMe] Downloading GEO IP database, because the old database is older than 30 days or doesn't exist
[11:04:23] [Craft Scheduler Thread - 4/WARN]: [AuthMe] No MaxMind credentials found in the configuration file! GeoIp protections will be disabled.
[11:04:23] [Craft Scheduler Thread - 4/INFO]: [AuthMe] There is no newer GEO IP database uploaded to MaxMind. Using the old one for now.
[11:04:23] [Craft Scheduler Thread - 1/INFO]: [Essentials] Fetching version information...
[11:04:23] [Craft Scheduler Thread - 4/WARN]: [AuthMe] Could not download GeoLiteAPI database [FileNotFoundException]: plugins/AuthMe/GeoLite2-Country.mmdb (No such file or directory)
[11:04:23] [Server thread/INFO]: [Essentials] Essentials found a compatible payment resolution method: Vault Compatibility Layer (v1.7.3-b131)!
[11:04:23] [Craft Scheduler Thread - 0/INFO]: [Vault] Checking for Updates ... 
[11:04:23] [Craft Scheduler Thread - 2/INFO]: [PrefiX] Your version of PrefiX (v7.5) is up to date!
[11:04:23] [Craft Scheduler Thread - 0/INFO]: [Vault] No new version available
[11:07:53] [User Authenticator #1/INFO]: UUID of player KS1220ISland is 7c509a41-e8ae-3de8-8bf7-f1047fbb891c
[11:07:53] [Server thread/INFO]: KS1220ISland[/[0:0:0:0:0:0:0:1%0]:35210] logged in with entity id 25 at ([world]-171.57228540203528, 67.38348718502687, 280.2779044847436)
[11:07:53] [Server thread/WARN]: [Essentials] Permissions lag notice with (LuckPermsHandler). Response took 27.684949ms. Summary: Getting prefix for KS1220ISland
[11:08:05] [Craft Scheduler Thread - 9/INFO]: [AuthMe] The user KS1220ISland has 5 accounts:
[11:08:05] [Craft Scheduler Thread - 9/INFO]: [AuthMe] KS1220ISland, numai_player12, player_akito2018, ks1220island_alt, kmd12.
[11:08:05] [Craft Scheduler Thread - 9/INFO]: [AuthMe] KS1220ISland logged in 0:0:0:0:0:0:0:1%0
[11:08:14] [Server thread/INFO]: KS1220ISland issued server command: /spawn
[11:08:15] [Server thread/INFO]: [@: Title command successfully executed]
[11:08:27] [Server thread/INFO]: KS1220ISland issued server command: /say
[11:08:33] [Server thread/INFO]: KS1220ISland issued server command: /say &2&m&lCl&a&m&lea&f&m&lrC&a&m&lra&2&m&lft
[11:08:33] [Server thread/INFO]: [KS1220ISland] &2&m&lCl&a&m&lea&f&m&lrC&a&m&lra&2&m&lft
[11:08:36] [Async Chat Thread - #0/INFO]: [Owner]KS1220ISland> ClearCraft
[11:14:36] [Async Chat Thread - #1/INFO]: [Owner]KS1220ISland> tt
[11:14:39] [Async Chat Thread - #1/INFO]: [Owner]KS1220ISland> ClearCraft
[11:16:05] [Server thread/INFO]: KS1220ISland issued server command: /help
[11:16:17] [Server thread/INFO]: KS1220ISland issued server command: /help Valut
[11:16:31] [Server thread/INFO]: KS1220ISland issued server command: /help Vault
[11:16:42] [Server thread/INFO]: KS1220ISland issued server command: /vault
[11:16:49] [Server thread/INFO]: KS1220ISland issued server command: /vault
[11:16:54] [Server thread/INFO]: KS1220ISland issued server command: /vault-info
[11:22:15] [Server thread/INFO]: KS1220ISland issued server command: /stop
[11:22:15] [Server thread/INFO]: [KS1220ISland: Stopping the server]
[11:22:15] [Server thread/INFO]: Stopping server
[11:22:15] [Server thread/INFO]: [AuthMe] Disabling AuthMe v5.6.0-bCUSTOM
[11:22:15] [Server thread/INFO]: [AuthMe] Waiting for 0 tasks to finish
[11:22:15] [Server thread/INFO]: [AuthMe] AuthMe 5.6.0-bCUSTOM disabled!
[11:22:15] [Server thread/INFO]: [EssentialsChat] Disabling EssentialsChat v2.22.0-dev+48-b0ef568
[11:22:15] [Server thread/INFO]: [EssentialsSpawn] Disabling EssentialsSpawn v2.22.0-dev+48-b0ef568
[11:22:15] [Server thread/INFO]: [Essentials] Disabling Essentials v2.22.0-dev+48-b0ef568
[11:22:15] [Server thread/INFO]: [Vault] [Economy] Essentials Economy unhooked.
[11:22:15] [Server thread/INFO]: [WorldGuard] Disabling WorldGuard v6.2.1;84bc322
[11:22:15] [Server thread/INFO]: [WorldGuard] Shutting down executor and waiting for any pending tasks...
[11:22:15] [Server thread/INFO]: [Vault] Disabling Vault v1.7.3-b131
[11:22:15] [Server thread/INFO]: [PrefiX] Disabling PrefiX v7.5
[11:22:15] [Server thread/INFO]: [PrefiX] Disabled successful
[11:22:15] [Server thread/INFO]: [NametagEdit] Disabling NametagEdit v4.5.23
[11:22:15] [Server thread/INFO]: [WorldEdit] Disabling WorldEdit v6.1.9;caf0ad9
[11:22:15] [Server thread/INFO]: [LuckPerms] Disabling LuckPerms v5.5.21
[11:22:15] [Server thread/INFO]: [LuckPerms] Starting shutdown process...
[11:22:15] [Server thread/INFO]: [LuckPerms] Closing storage...
[11:22:15] [Server thread/INFO]: [LuckPerms] Goodbye!
[11:22:15] [Server thread/INFO]: Saving players
[11:22:15] [Server thread/INFO]: KS1220ISland lost connection: Server closed
[11:22:15] [Server thread/INFO]: KS1220ISland left the game
[11:22:15] [Server thread/INFO]: Saving worlds
[11:22:15] [Server thread/INFO]: Saving chunks for level 'world'/overworld
[11:22:15] [Server thread/INFO]: Saving chunks for level 'world_nether'/the_nether
[11:22:15] [Server thread/INFO]: Saving chunks for level 'world_the_end'/the_end
